Sun Mar  2 19:24:34 UTC 2025
Sun Mar  2 19:48:06 UTC 2025
Sun Mar  2 19:48:24 UTC 2025
Sun Mar  2 23:43:09 UTC 2025
Mon Mar  3 00:41:43 UTC 2025
Mon Mar  3 14:22:58 UTC 2025
Mon Mar  3 19:06:50 UTC 2025
Mon Mar  3 19:07:09 UTC 2025
Mon Mar  3 19:07:19 UTC 2025
Mon Mar  3 19:07:33 UTC 2025
Mon Mar  3 19:07:52 UTC 2025
Tue Mar  4 00:40:24 UTC 2025
Tue Mar  4 05:47:12 UTC 2025
Tue Mar  4 05:47:35 UTC 2025
Tue Mar  4 06:58:10 UTC 2025
Tue Mar  4 06:58:30 UTC 2025
Tue Mar  4 08:16:53 UTC 2025
Wed Mar  5 00:40:19 UTC 2025
Thu Mar  6 00:40:12 UTC 2025
Fri Mar  7 00:40:31 UTC 2025
